
  [4;36;1mSQL (0.000000)[0m   [0;1mSET SQL_AUTO_IS_NULL=0[0m
  [4;35;1mSQL (0.080004)[0m   [0mSHOW TABLES[0m
  [4;36;1mSQL (0.176010)[0m   [0;1mCREATE TABLE `schema_migrations` (`version` varchar(255) NOT NULL) ENGINE=InnoDB[0m
  [4;35;1mSQL (0.048003)[0m   [0mCREATE UNIQUE INDEX `unique_schema_migrations` ON `schema_migrations` (`version`)[0m
  [4;36;1mSQL (0.000000)[0m   [0;1mSHOW TABLES[0m
  [4;35;1mSQL (0.000000)[0m   [0mSELECT version FROM schema_migrations[0m
Migrating to CreateUsers (20081013133531)
  [4;36;1mSQL (0.016001)[0m   [0;1mCREATE TABLE `users` (`id` int(11) DEFAULT NULL auto_increment PRIMARY KEY, `email` varchar(255) NOT NULL, `account_name` varchar(255) NOT NULL, `password_salt` varchar(255), `password_hash` varchar(255), `credits` int(11) DEFAULT 0 NOT NULL, `has_accepted_terms` int(11) DEFAULT 0 NOT NULL, `wishes_to_receive_news` int(11) DEFAULT 0 NOT NULL, `created_at` datetime, `updated_at` datetime) ENGINE=InnoDB[0m
  [4;35;1mSQL (0.000000)[0m   [0mINSERT INTO schema_migrations (version) VALUES ('20081013133531')[0m
Migrating to CreateSurveys (20081013133624)
  [4;36;1mSQL (0.008001)[0m   [0;1mCREATE TABLE `surveys` (`id` int(11) DEFAULT NULL auto_increment PRIMARY KEY, `name` varchar(255) NOT NULL, `url_name` varchar(255) NOT NULL, `user_id` int(11), `responses_count` int(11) DEFAULT 0, `status` varchar(20) DEFAULT 'never published', `embedding_id` varchar(32), `created_at` datetime, `updated_at` datetime) ENGINE=InnoDB[0m
  [4;35;1mSQL (0.004000)[0m   [0mINSERT INTO schema_migrations (version) VALUES ('20081013133624')[0m
Migrating to CreateVersions (20081013133637)
  [4;36;1mSQL (0.016001)[0m   [0;1mCREATE TABLE `versions` (`id` int(11) DEFAULT NULL auto_increment PRIMARY KEY, `survey_id` int(11) NOT NULL, `position` int(11), `state` int(11) DEFAULT 1, `design` text, `responses_count` int(11) DEFAULT 0, `created_at` datetime, `updated_at` datetime) ENGINE=InnoDB[0m
  [4;35;1mSQL (0.000000)[0m   [0mINSERT INTO schema_migrations (version) VALUES ('20081013133637')[0m
Migrating to CreateResponses (20081013133648)
  [4;36;1mSQL (0.012000)[0m   [0;1mCREATE TABLE `responses` (`id` int(11) DEFAULT NULL auto_increment PRIMARY KEY, `user_id` int(11), `guid` varchar(32) NOT NULL, `version_id` int(11) NOT NULL, `answers` text NOT NULL, `remote_ip` varchar(40) NOT NULL, `created_at` datetime, `updated_at` datetime) ENGINE=InnoDB[0m
  [4;35;1mSQL (0.000000)[0m   [0mINSERT INTO schema_migrations (version) VALUES ('20081013133648')[0m
Migrating to AddRssIdToSurvey (20081020163840)
  [4;36;1mSQL (0.024002)[0m   [0;1mALTER TABLE `surveys` ADD `rss_id` varchar(32)[0m
  [4;35;1mSQL (0.000000)[0m   [0mINSERT INTO schema_migrations (version) VALUES ('20081020163840')[0m
Migrating to CreateSessions (20081021093723)
  [4;36;1mSQL (0.008001)[0m   [0;1mCREATE TABLE `sessions` (`id` int(11) DEFAULT NULL auto_increment PRIMARY KEY, `session_id` varchar(255) NOT NULL, `data` text, `created_at` datetime, `updated_at` datetime) ENGINE=InnoDB[0m
  [4;35;1mSQL (0.016000)[0m   [0mCREATE INDEX `index_sessions_on_session_id` ON `sessions` (`session_id`)[0m
  [4;36;1mSQL (0.020001)[0m   [0;1mCREATE INDEX `index_sessions_on_updated_at` ON `sessions` (`updated_at`)[0m
  [4;35;1mSQL (0.000000)[0m   [0mINSERT INTO schema_migrations (version) VALUES ('20081021093723')[0m
  [4;36;1mSQL (0.000000)[0m   [0;1mSHOW TABLES[0m
  [4;35;1mSQL (0.000000)[0m   [0mSELECT version FROM schema_migrations[0m
  [4;36;1mSQL (0.000000)[0m   [0;1mSHOW TABLES[0m
  [4;35;1mSQL (0.024001)[0m   [0mSHOW FIELDS FROM `responses`[0m
  [4;36;1mSQL (0.004000)[0m   [0;1mdescribe `responses`[0m
  [4;35;1mSQL (0.000000)[0m   [0mSHOW KEYS FROM `responses`[0m
  [4;36;1mSQL (0.000000)[0m   [0;1mSHOW FIELDS FROM `sessions`[0m
  [4;35;1mSQL (0.004001)[0m   [0mdescribe `sessions`[0m
  [4;36;1mSQL (0.000000)[0m   [0;1mSHOW KEYS FROM `sessions`[0m
  [4;35;1mSQL (0.000000)[0m   [0mSHOW FIELDS FROM `surveys`[0m
  [4;36;1mSQL (0.000000)[0m   [0;1mdescribe `surveys`[0m
  [4;35;1mSQL (0.000000)[0m   [0mSHOW KEYS FROM `surveys`[0m
  [4;36;1mSQL (0.000000)[0m   [0;1mSHOW FIELDS FROM `users`[0m
  [4;35;1mSQL (0.004000)[0m   [0mdescribe `users`[0m
  [4;36;1mSQL (0.000000)[0m   [0;1mSHOW KEYS FROM `users`[0m
  [4;35;1mSQL (0.000000)[0m   [0mSHOW FIELDS FROM `versions`[0m
  [4;36;1mSQL (0.004000)[0m   [0;1mdescribe `versions`[0m
  [4;35;1mSQL (0.000000)[0m   [0mSHOW KEYS FROM `versions`[0m
  [4;36;1mSQL (0.000000)[0m   [0;1mSET SQL_AUTO_IS_NULL=0[0m
  [4;35;1mSQL (0.004000)[0m   [0mSHOW FULL TABLES WHERE Table_type = 'BASE TABLE'[0m
  [4;36;1mSQL (0.000000)[0m   [0;1mSHOW CREATE TABLE `responses`[0m
  [4;35;1mSQL (0.000000)[0m   [0mSHOW CREATE TABLE `schema_migrations`[0m
  [4;36;1mSQL (0.000000)[0m   [0;1mSHOW CREATE TABLE `sessions`[0m
  [4;35;1mSQL (0.000000)[0m   [0mSHOW CREATE TABLE `surveys`[0m
  [4;36;1mSQL (0.000000)[0m   [0;1mSHOW CREATE TABLE `users`[0m
  [4;35;1mSQL (0.000000)[0m   [0mSHOW CREATE TABLE `versions`[0m
  [4;36;1mSQL (0.000000)[0m   [0;1mSELECT version FROM schema_migrations[0m
  [4;35;1mSQL (0.000000)[0m   [0mSET SQL_AUTO_IS_NULL=0[0m
  [4;36;1mSQL (0.004000)[0m   [0;1mDROP DATABASE IF EXISTS `polsta_test`[0m
  [4;35;1mSQL (0.028002)[0m   [0mCREATE DATABASE `polsta_test` DEFAULT CHARACTER SET `utf8`[0m
  [4;36;1mSQL (0.000000)[0m   [0;1mSET SQL_AUTO_IS_NULL=0[0m
  [4;35;1mSQL (0.000000)[0m   [0mSET foreign_key_checks = 0[0m
  [4;36;1mSQL (0.072004)[0m   [0;1mCREATE TABLE `responses` (
 `id` int(11) NOT NULL auto_increment,
 `user_id` int(11) default NULL,
 `guid` varchar(32) NOT NULL,
 `version_id` int(11) NOT NULL,
 `answers` text NOT NULL,
 `remote_ip` varchar(40) NOT NULL,
 `created_at` datetime default NULL,
 `updated_at` datetime default NULL,
 PRIMARY KEY (`id`)
) ENGINE=InnoDB DEFAULT CHARSET=latin1;[0m
  [4;35;1mSQL (0.028002)[0m   [0mCREATE TABLE `schema_migrations` (
 `version` varchar(255) NOT NULL,
 UNIQUE KEY `unique_schema_migrations` (`version`)
) ENGINE=InnoDB DEFAULT CHARSET=latin1;[0m
  [4;36;1mSQL (0.004000)[0m   [0;1mCREATE TABLE `sessions` (
 `id` int(11) NOT NULL auto_increment,
 `session_id` varchar(255) NOT NULL,
 `data` text,
 `created_at` datetime default NULL,
 `updated_at` datetime default NULL,
 PRIMARY KEY (`id`),
 KEY `index_sessions_on_session_id` (`session_id`),
 KEY `index_sessions_on_updated_at` (`updated_at`)
) ENGINE=InnoDB DEFAULT CHARSET=latin1;[0m
  [4;35;1mSQL (0.004000)[0m   [0mCREATE TABLE `surveys` (
 `id` int(11) NOT NULL auto_increment,
 `name` varchar(255) NOT NULL,
 `url_name` varchar(255) NOT NULL,
 `user_id` int(11) default NULL,
 `responses_count` int(11) default '0',
 `status` varchar(20) default 'never published',
 `embedding_id` varchar(32) default NULL,
 `created_at` datetime default NULL,
 `updated_at` datetime default NULL,
 `rss_id` varchar(32) default NULL,
 PRIMARY KEY (`id`)
) ENGINE=InnoDB DEFAULT CHARSET=latin1;[0m
  [4;36;1mSQL (0.008001)[0m   [0;1mCREATE TABLE `users` (
 `id` int(11) NOT NULL auto_increment,
 `email` varchar(255) NOT NULL,
 `account_name` varchar(255) NOT NULL,
 `password_salt` varchar(255) default NULL,
 `password_hash` varchar(255) default NULL,
 `credits` int(11) NOT NULL default '0',
 `has_accepted_terms` int(11) NOT NULL default '0',
 `wishes_to_receive_news` int(11) NOT NULL default '0',
 `created_at` datetime default NULL,
 `updated_at` datetime default NULL,
 PRIMARY KEY (`id`)
) ENGINE=InnoDB DEFAULT CHARSET=latin1;[0m
  [4;35;1mSQL (0.024001)[0m   [0mCREATE TABLE `versions` (
 `id` int(11) NOT NULL auto_increment,
 `survey_id` int(11) NOT NULL,
 `position` int(11) default NULL,
 `state` int(11) default '1',
 `design` text,
 `responses_count` int(11) default '0',
 `created_at` datetime default NULL,
 `updated_at` datetime default NULL,
 PRIMARY KEY (`id`)
) ENGINE=InnoDB DEFAULT CHARSET=latin1;[0m
  [4;36;1mSQL (0.000000)[0m   [0;1mINSERT INTO schema_migrations (version) VALUES ('20081013133531');[0m
  [4;35;1mSQL (0.000000)[0m   [0mINSERT INTO schema_migrations (version) VALUES ('20081013133624');[0m
  [4;36;1mSQL (0.000000)[0m   [0;1mINSERT INTO schema_migrations (version) VALUES ('20081013133637');[0m
  [4;35;1mSQL (0.004000)[0m   [0mINSERT INTO schema_migrations (version) VALUES ('20081013133648');[0m
  [4;36;1mSQL (0.000000)[0m   [0;1mINSERT INTO schema_migrations (version) VALUES ('20081020163840');[0m
  [4;35;1mSQL (0.000000)[0m   [0mINSERT INTO schema_migrations (version) VALUES ('20081021093723');[0m
  [4;36;1mSQL (0.000000)[0m   [0;1mSET SQL_AUTO_IS_NULL=0[0m
  [4;35;1mSQL (0.000000)[0m   [0mSHOW TABLES[0m
  [4;36;1mSQL (0.000000)[0m   [0;1mSELECT version FROM schema_migrations[0m
  [4;35;1mSQL (0.000000)[0m   [0mSET SQL_AUTO_IS_NULL=0[0m
  [4;36;1mSQL (0.052003)[0m   [0;1mDROP DATABASE IF EXISTS `polsta_test`[0m
  [4;35;1mSQL (0.000000)[0m   [0mCREATE DATABASE `polsta_test` DEFAULT CHARACTER SET `utf8`[0m
  [4;36;1mSQL (0.000000)[0m   [0;1mSET SQL_AUTO_IS_NULL=0[0m
  [4;35;1mSQL (0.000000)[0m   [0mSHOW TABLES[0m
  [4;36;1mSQL (0.004000)[0m   [0;1mCREATE TABLE `responses` (`id` int(11) DEFAULT NULL auto_increment PRIMARY KEY, `user_id` int(11), `guid` varchar(32) NOT NULL, `version_id` int(11) NOT NULL, `answers` text NOT NULL, `remote_ip` varchar(40) NOT NULL, `created_at` datetime, `updated_at` datetime) ENGINE=InnoDB[0m
  [4;35;1mSQL (0.004000)[0m   [0mSHOW TABLES[0m
  [4;36;1mSQL (0.008001)[0m   [0;1mCREATE TABLE `sessions` (`id` int(11) DEFAULT NULL auto_increment PRIMARY KEY, `session_id` varchar(255) NOT NULL, `data` text, `created_at` datetime, `updated_at` datetime) ENGINE=InnoDB[0m
  [4;35;1mSQL (0.008001)[0m   [0mCREATE INDEX `index_sessions_on_session_id` ON `sessions` (`session_id`)[0m
  [4;36;1mSQL (0.028001)[0m   [0;1mCREATE INDEX `index_sessions_on_updated_at` ON `sessions` (`updated_at`)[0m
  [4;35;1mSQL (0.000000)[0m   [0mSHOW TABLES[0m
  [4;36;1mSQL (0.004000)[0m   [0;1mCREATE TABLE `surveys` (`id` int(11) DEFAULT NULL auto_increment PRIMARY KEY, `name` varchar(255) NOT NULL, `url_name` varchar(255) NOT NULL, `user_id` int(11), `responses_count` int(11) DEFAULT 0, `status` varchar(20) DEFAULT 'never published', `embedding_id` varchar(32), `created_at` datetime, `updated_at` datetime, `rss_id` varchar(32)) ENGINE=InnoDB[0m
  [4;35;1mSQL (0.000000)[0m   [0mSHOW TABLES[0m
  [4;36;1mSQL (0.016001)[0m   [0;1mCREATE TABLE `users` (`id` int(11) DEFAULT NULL auto_increment PRIMARY KEY, `email` varchar(255) NOT NULL, `account_name` varchar(255) NOT NULL, `password_salt` varchar(255), `password_hash` varchar(255), `credits` int(11) DEFAULT 0 NOT NULL, `has_accepted_terms` int(11) DEFAULT 0 NOT NULL, `wishes_to_receive_news` int(11) DEFAULT 0 NOT NULL, `created_at` datetime, `updated_at` datetime) ENGINE=InnoDB[0m
  [4;35;1mSQL (0.000000)[0m   [0mSHOW TABLES[0m
  [4;36;1mSQL (0.004000)[0m   [0;1mCREATE TABLE `versions` (`id` int(11) DEFAULT NULL auto_increment PRIMARY KEY, `survey_id` int(11) NOT NULL, `position` int(11), `state` int(11) DEFAULT 1, `design` text, `responses_count` int(11) DEFAULT 0, `created_at` datetime, `updated_at` datetime) ENGINE=InnoDB[0m
  [4;35;1mSQL (0.000000)[0m   [0mSHOW TABLES[0m
  [4;36;1mSQL (0.004000)[0m   [0;1mCREATE TABLE `schema_migrations` (`version` varchar(255) NOT NULL) ENGINE=InnoDB[0m
  [4;35;1mSQL (0.016001)[0m   [0mCREATE UNIQUE INDEX `unique_schema_migrations` ON `schema_migrations` (`version`)[0m
  [4;36;1mSQL (0.000000)[0m   [0;1mSHOW TABLES[0m
  [4;35;1mSQL (0.000000)[0m   [0mSELECT version FROM `schema_migrations`[0m
  [4;36;1mSQL (0.004000)[0m   [0;1mINSERT INTO `schema_migrations` (version) VALUES ('20081021093723')[0m
  [4;35;1mSQL (0.008001)[0m   [0mINSERT INTO `schema_migrations` (version) VALUES ('20081013133648')[0m
  [4;36;1mSQL (0.008000)[0m   [0;1mINSERT INTO `schema_migrations` (version) VALUES ('20081020163840')[0m
  [4;35;1mSQL (0.004000)[0m   [0mINSERT INTO `schema_migrations` (version) VALUES ('20081013133624')[0m
  [4;36;1mSQL (0.000000)[0m   [0;1mINSERT INTO `schema_migrations` (version) VALUES ('20081013133531')[0m
  [4;35;1mSQL (0.000000)[0m   [0mINSERT INTO `schema_migrations` (version) VALUES ('20081013133637')[0m


Processing AdminController#index (for 127.0.0.1 at 2008-10-23 16:22:01) [GET]
  Session ID: 59983d9968c11845503aa7e46dbf31b5
  Parameters: {"action"=>"index", "controller"=>"admin"}
  [4;36;1mUser Columns (0.004000)[0m   [0;1mSHOW FIELDS FROM `users`[0m
  [4;35;1mUser Load (0.001000)[0m   [0mSELECT * FROM `users` WHERE (`users`.`id` IS NULL) LIMIT 1[0m
  [4;36;1mCACHE (0.000000)[0m   [0;1mSELECT * FROM `users` WHERE (`users`.`id` IS NULL) LIMIT 1[0m
Rendering template within layouts/application
Rendering admin/index
Completed in 0.05100 (19 reqs/sec) | Rendering: 0.01100 (21%) | DB: 0.00800 (15%) | 200 OK [http://localhost/]


Processing AdminController#start_with_blank_design (for 127.0.0.1 at 2008-10-23 16:22:03) [GET]
  Session ID: 59983d9968c11845503aa7e46dbf31b5
  Parameters: {"action"=>"start_with_blank_design", "controller"=>"admin"}
  [4;35;1mUser Columns (0.003000)[0m   [0mSHOW FIELDS FROM `users`[0m
  [4;36;1mUser Load (0.001000)[0m   [0;1mSELECT * FROM `users` WHERE (`users`.`id` IS NULL) LIMIT 1[0m
Redirected to http://localhost:3000/design
Completed in 0.02500 (40 reqs/sec) | DB: 0.05100 (204%) | 302 Found [http://localhost/admin/start_with_blank_design]


Processing DesignController#index (for 127.0.0.1 at 2008-10-23 16:22:03) [GET]
  Session ID: 59983d9968c11845503aa7e46dbf31b5
  Parameters: {"action"=>"index", "controller"=>"design"}
  [4;35;1mUser Columns (0.004000)[0m   [0mSHOW FIELDS FROM `users`[0m
  [4;36;1mUser Load (0.001000)[0m   [0;1mSELECT * FROM `users` WHERE (`users`.`id` IS NULL) LIMIT 1[0m
Rendering template within layouts/application
Rendering design/index
Rendered public/_survey_header (0.00000)
Rendered design/_element (0.00200)
Rendered public/_paragraph (0.00000)
Rendered design/_element (0.00400)
Rendered public/_end_of_survey (0.00000)
Rendered design/_element (0.00200)
Rendered design/_design (0.01300)
Completed in 0.04600 (21 reqs/sec) | Rendering: 0.02200 (47%) | DB: 0.05100 (110%) | 200 OK [http://localhost/design]


Processing DesignController#start_edit_element (for 127.0.0.1 at 2008-10-23 16:22:05) [POST]
  Session ID: 59983d9968c11845503aa7e46dbf31b5
  Parameters: {"action"=>"start_edit_element", "id"=>"a0425642ff087ee5817b5e9818184d96", "controller"=>"design"}
  [4;35;1mUser Columns (0.003000)[0m   [0mSHOW FIELDS FROM `users`[0m
  [4;36;1mUser Load (0.001000)[0m   [0;1mSELECT * FROM `users` WHERE (`users`.`id` IS NULL) LIMIT 1[0m
Rendered design/_paragraph_editor (0.00000)
Completed in 0.03100 (32 reqs/sec) | Rendering: 0.00700 (22%) | DB: 0.05500 (177%) | 200 OK [http://localhost/design/start_edit_element/a0425642ff087ee5817b5e9818184d96]


Processing DesignController#async_edit (for 127.0.0.1 at 2008-10-23 16:22:10) [POST]
  Session ID: 59983d9968c11845503aa7e46dbf31b5
  Parameters: {"set:picture_url"=>"", "set:heading"=>"Start by deleting this element...", "edit_action"=>"cancel", "action"=>"async_edit", "set:text"=>"...and then click \"insert element\" to add a question, text or graphics to the survey.", "controller"=>"design"}
  [4;35;1mUser Columns (0.003000)[0m   [0mSHOW FIELDS FROM `users`[0m
  [4;36;1mUser Load (0.001000)[0m   [0;1mSELECT * FROM `users` WHERE (`users`.`id` IS NULL) LIMIT 1[0m
Completed in 0.02800 (35 reqs/sec) | Rendering: 0.00400 (14%) | DB: 0.09000 (321%) | 200 OK [http://localhost/design/async_edit]


Processing AdminController#save (for 127.0.0.1 at 2008-10-23 16:22:11) [POST]
  Session ID: 59983d9968c11845503aa7e46dbf31b5
  Parameters: {"cancel"=>"Cancel", "action"=>"save", "controller"=>"admin"}
  [4;35;1mUser Columns (0.003000)[0m   [0mSHOW FIELDS FROM `users`[0m
  [4;36;1mUser Load (0.000000)[0m   [0;1mSELECT * FROM `users` WHERE (`users`.`id` IS NULL) LIMIT 1[0m
Redirected to http://localhost:3000/
Completed in 0.02500 (39 reqs/sec) | DB: 0.05200 (208%) | 302 Found [http://localhost/admin/save]


Processing AdminController#index (for 127.0.0.1 at 2008-10-23 16:22:12) [GET]
  Session ID: 59983d9968c11845503aa7e46dbf31b5
  Parameters: {"action"=>"index", "controller"=>"admin"}
  [4;35;1mUser Columns (0.003000)[0m   [0mSHOW FIELDS FROM `users`[0m
  [4;36;1mUser Load (0.001000)[0m   [0;1mSELECT * FROM `users` WHERE (`users`.`id` IS NULL) LIMIT 1[0m
  [4;35;1mCACHE (0.000000)[0m   [0mSELECT * FROM `users` WHERE (`users`.`id` IS NULL) LIMIT 1[0m
Rendering template within layouts/application
Rendering admin/index
Completed in 0.02800 (35 reqs/sec) | Rendering: 0.00300 (10%) | DB: 0.04900 (175%) | 200 OK [http://localhost/]


Processing AdminController#index (for 127.0.0.1 at 2008-10-23 16:28:21) [GET]
  Session ID: 59983d9968c11845503aa7e46dbf31b5
  Parameters: {"action"=>"index", "controller"=>"admin"}
  [4;36;1mUser Columns (0.004000)[0m   [0;1mSHOW FIELDS FROM `users`[0m
  [4;35;1mUser Load (0.001000)[0m   [0mSELECT * FROM `users` WHERE (`users`.`id` IS NULL) LIMIT 1[0m
  [4;36;1mCACHE (0.000000)[0m   [0;1mSELECT * FROM `users` WHERE (`users`.`id` IS NULL) LIMIT 1[0m
Rendering template within layouts/application
Rendering admin/index
Completed in 0.05100 (19 reqs/sec) | Rendering: 0.01000 (19%) | DB: 0.00800 (15%) | 200 OK [http://localhost/]


Processing AdminController#start_with_blank_design (for 127.0.0.1 at 2008-10-23 16:28:23) [GET]
  Session ID: 59983d9968c11845503aa7e46dbf31b5
  Parameters: {"action"=>"start_with_blank_design", "controller"=>"admin"}
  [4;35;1mUser Columns (0.005000)[0m   [0mSHOW FIELDS FROM `users`[0m
  [4;36;1mUser Load (0.001000)[0m   [0;1mSELECT * FROM `users` WHERE (`users`.`id` IS NULL) LIMIT 1[0m
Redirected to http://localhost:3000/design
Completed in 0.03000 (33 reqs/sec) | DB: 0.05900 (196%) | 302 Found [http://localhost/admin/start_with_blank_design]


Processing DesignController#index (for 127.0.0.1 at 2008-10-23 16:28:23) [GET]
  Session ID: 59983d9968c11845503aa7e46dbf31b5
  Parameters: {"action"=>"index", "controller"=>"design"}
  [4;35;1mUser Columns (0.003000)[0m   [0mSHOW FIELDS FROM `users`[0m
  [4;36;1mUser Load (0.001000)[0m   [0;1mSELECT * FROM `users` WHERE (`users`.`id` IS NULL) LIMIT 1[0m
Rendering template within layouts/application
Rendering design/index
Rendered public/_survey_header (0.00000)
Rendered design/_element (0.00200)
Rendered public/_paragraph (0.00000)
Rendered design/_element (0.00400)
Rendered public/_end_of_survey (0.00000)
Rendered design/_element (0.00300)
Rendered design/_design (0.01500)
Completed in 0.04600 (21 reqs/sec) | Rendering: 0.02200 (47%) | DB: 0.04800 (104%) | 200 OK [http://localhost/design]


Processing AdminController#save (for 127.0.0.1 at 2008-10-23 16:28:25) [POST]
  Session ID: 59983d9968c11845503aa7e46dbf31b5
  Parameters: {"cancel"=>"Cancel", "action"=>"save", "controller"=>"admin"}
  [4;35;1mUser Columns (0.003000)[0m   [0mSHOW FIELDS FROM `users`[0m
  [4;36;1mUser Load (0.001000)[0m   [0;1mSELECT * FROM `users` WHERE (`users`.`id` IS NULL) LIMIT 1[0m
Redirected to http://localhost:3000/
Completed in 0.02500 (40 reqs/sec) | DB: 0.09100 (364%) | 302 Found [http://localhost/admin/save]


Processing AdminController#index (for 127.0.0.1 at 2008-10-23 16:28:25) [GET]
  Session ID: 59983d9968c11845503aa7e46dbf31b5
  Parameters: {"action"=>"index", "controller"=>"admin"}
  [4;35;1mUser Columns (0.003000)[0m   [0mSHOW FIELDS FROM `users`[0m
  [4;36;1mUser Load (0.001000)[0m   [0;1mSELECT * FROM `users` WHERE (`users`.`id` IS NULL) LIMIT 1[0m
  [4;35;1mCACHE (0.000000)[0m   [0mSELECT * FROM `users` WHERE (`users`.`id` IS NULL) LIMIT 1[0m
Rendering template within layouts/application
Rendering admin/index
Completed in 0.02800 (35 reqs/sec) | Rendering: 0.00300 (10%) | DB: 0.04800 (171%) | 200 OK [http://localhost/]


Processing AdminController#index (for 127.0.0.1 at 2008-10-23 16:36:56) [GET]
  Session ID: 59983d9968c11845503aa7e46dbf31b5
  Parameters: {"action"=>"index", "controller"=>"admin"}
  [4;36;1mUser Columns (0.003000)[0m   [0;1mSHOW FIELDS FROM `users`[0m
  [4;35;1mUser Load (0.001000)[0m   [0mSELECT * FROM `users` WHERE (`users`.`id` IS NULL) LIMIT 1[0m
  [4;36;1mCACHE (0.000000)[0m   [0;1mSELECT * FROM `users` WHERE (`users`.`id` IS NULL) LIMIT 1[0m
Rendering template within layouts/application
Rendering admin/index
Completed in 0.05100 (19 reqs/sec) | Rendering: 0.01100 (21%) | DB: 0.00900 (17%) | 200 OK [http://localhost/]


Processing AdminController#start_with_blank_design (for 127.0.0.1 at 2008-10-23 16:36:58) [GET]
  Session ID: 59983d9968c11845503aa7e46dbf31b5
  Parameters: {"action"=>"start_with_blank_design", "controller"=>"admin"}
  [4;35;1mUser Columns (0.003000)[0m   [0mSHOW FIELDS FROM `users`[0m
  [4;36;1mUser Load (0.001000)[0m   [0;1mSELECT * FROM `users` WHERE (`users`.`id` IS NULL) LIMIT 1[0m
Redirected to http://localhost:3000/design
Completed in 0.02600 (38 reqs/sec) | DB: 0.05300 (203%) | 302 Found [http://localhost/admin/start_with_blank_design]


Processing DesignController#index (for 127.0.0.1 at 2008-10-23 16:36:58) [GET]
  Session ID: 59983d9968c11845503aa7e46dbf31b5
  Parameters: {"action"=>"index", "controller"=>"design"}
  [4;35;1mUser Columns (0.004000)[0m   [0mSHOW FIELDS FROM `users`[0m
  [4;36;1mUser Load (0.001000)[0m   [0;1mSELECT * FROM `users` WHERE (`users`.`id` IS NULL) LIMIT 1[0m
Rendering template within layouts/application
Rendering design/index
Rendered public/_survey_header (0.00000)
Rendered design/_element (0.00300)
Rendered public/_paragraph (0.00000)
Rendered design/_element (0.00500)
Rendered public/_end_of_survey (0.00000)
Rendered design/_element (0.00200)
Rendered design/_design (0.01400)
Completed in 0.04600 (21 reqs/sec) | Rendering: 0.02100 (45%) | DB: 0.05300 (115%) | 200 OK [http://localhost/design]


Processing AdminController#index (for 127.0.0.1 at 2008-10-23 16:39:44) [GET]
  Session ID: 59983d9968c11845503aa7e46dbf31b5
  Parameters: {"action"=>"index", "controller"=>"admin"}
  [4;36;1mUser Columns (0.003000)[0m   [0;1mSHOW FIELDS FROM `users`[0m
  [4;35;1mUser Load (0.001000)[0m   [0mSELECT * FROM `users` WHERE (`users`.`id` IS NULL) LIMIT 1[0m
  [4;36;1mCACHE (0.000000)[0m   [0;1mSELECT * FROM `users` WHERE (`users`.`id` IS NULL) LIMIT 1[0m
Rendering template within layouts/application
Rendering admin/index
Completed in 0.05000 (20 reqs/sec) | Rendering: 0.01000 (20%) | DB: 0.00800 (16%) | 200 OK [http://localhost/]


Processing AdminController#start_with_blank_design (for 127.0.0.1 at 2008-10-23 16:39:47) [GET]
  Session ID: 59983d9968c11845503aa7e46dbf31b5
  Parameters: {"action"=>"start_with_blank_design", "controller"=>"admin"}
  [4;35;1mUser Columns (0.003000)[0m   [0mSHOW FIELDS FROM `users`[0m
  [4;36;1mUser Load (0.001000)[0m   [0;1mSELECT * FROM `users` WHERE (`users`.`id` IS NULL) LIMIT 1[0m
Redirected to http://localhost:3000/design
Completed in 0.02600 (38 reqs/sec) | DB: 0.10800 (415%) | 302 Found [http://localhost/admin/start_with_blank_design]


Processing DesignController#index (for 127.0.0.1 at 2008-10-23 16:39:47) [GET]
  Session ID: 59983d9968c11845503aa7e46dbf31b5
  Parameters: {"action"=>"index", "controller"=>"design"}
  [4;35;1mUser Columns (0.003000)[0m   [0mSHOW FIELDS FROM `users`[0m
  [4;36;1mUser Load (0.001000)[0m   [0;1mSELECT * FROM `users` WHERE (`users`.`id` IS NULL) LIMIT 1[0m
Rendering template within layouts/application
Rendering design/index
Rendered public/_survey_header (0.00000)
Rendered design/_element (0.00200)
Rendered public/_paragraph (0.00000)
Rendered design/_element (0.00400)
Rendered public/_end_of_survey (0.00000)
Rendered design/_element (0.00200)
Rendered design/_design (0.01500)
Completed in 0.04700 (21 reqs/sec) | Rendering: 0.02200 (46%) | DB: 0.03900 (82%) | 200 OK [http://localhost/design]
crap
crap
  [4;36;1mSQL (0.000000)[0m   [0;1mSET SQL_AUTO_IS_NULL=0[0m
  [4;35;1mSQL (0.000000)[0m   [0mSHOW TABLES[0m
  [4;36;1mSQL (0.000000)[0m   [0;1mSELECT version FROM schema_migrations[0m
  [4;35;1mSQL (0.000000)[0m   [0mSET SQL_AUTO_IS_NULL=0[0m
  [4;36;1mSQL (0.080005)[0m   [0;1mDROP DATABASE IF EXISTS `polsta_test`[0m
  [4;35;1mSQL (0.000000)[0m   [0mCREATE DATABASE `polsta_test` DEFAULT CHARACTER SET `utf8`[0m
  [4;36;1mSQL (0.000000)[0m   [0;1mSET SQL_AUTO_IS_NULL=0[0m
  [4;35;1mSQL (0.000000)[0m   [0mSHOW TABLES[0m
  [4;36;1mSQL (0.008001)[0m   [0;1mCREATE TABLE `responses` (`id` int(11) DEFAULT NULL auto_increment PRIMARY KEY, `user_id` int(11), `guid` varchar(32) NOT NULL, `version_id` int(11) NOT NULL, `answers` text NOT NULL, `remote_ip` varchar(40) NOT NULL, `created_at` datetime, `updated_at` datetime) ENGINE=InnoDB[0m
  [4;35;1mSQL (0.000000)[0m   [0mSHOW TABLES[0m
  [4;36;1mSQL (0.004000)[0m   [0;1mCREATE TABLE `sessions` (`id` int(11) DEFAULT NULL auto_increment PRIMARY KEY, `session_id` varchar(255) NOT NULL, `data` text, `created_at` datetime, `updated_at` datetime) ENGINE=InnoDB[0m
  [4;35;1mSQL (0.020001)[0m   [0mCREATE INDEX `index_sessions_on_session_id` ON `sessions` (`session_id`)[0m
  [4;36;1mSQL (0.032002)[0m   [0;1mCREATE INDEX `index_sessions_on_updated_at` ON `sessions` (`updated_at`)[0m
  [4;35;1mSQL (0.000000)[0m   [0mSHOW TABLES[0m
  [4;36;1mSQL (0.004001)[0m   [0;1mCREATE TABLE `surveys` (`id` int(11) DEFAULT NULL auto_increment PRIMARY KEY, `name` varchar(255) NOT NULL, `url_name` varchar(255) NOT NULL, `user_id` int(11), `responses_count` int(11) DEFAULT 0, `status` varchar(20) DEFAULT 'never published', `embedding_id` varchar(32), `created_at` datetime, `updated_at` datetime, `rss_id` varchar(32)) ENGINE=InnoDB[0m
  [4;35;1mSQL (0.000000)[0m   [0mSHOW TABLES[0m
  [4;36;1mSQL (0.008000)[0m   [0;1mCREATE TABLE `users` (`id` int(11) DEFAULT NULL auto_increment PRIMARY KEY, `email` varchar(255) NOT NULL, `account_name` varchar(255) NOT NULL, `password_salt` varchar(255), `password_hash` varchar(255), `credits` int(11) DEFAULT 0 NOT NULL, `has_accepted_terms` int(11) DEFAULT 0 NOT NULL, `wishes_to_receive_news` int(11) DEFAULT 0 NOT NULL, `created_at` datetime, `updated_at` datetime) ENGINE=InnoDB[0m
  [4;35;1mSQL (0.000000)[0m   [0mSHOW TABLES[0m
  [4;36;1mSQL (0.004000)[0m   [0;1mCREATE TABLE `versions` (`id` int(11) DEFAULT NULL auto_increment PRIMARY KEY, `survey_id` int(11) NOT NULL, `position` int(11), `state` int(11) DEFAULT 1, `design` text, `responses_count` int(11) DEFAULT 0, `created_at` datetime, `updated_at` datetime) ENGINE=InnoDB[0m
  [4;35;1mSQL (0.000000)[0m   [0mSHOW TABLES[0m
  [4;36;1mSQL (0.000000)[0m   [0;1mCREATE TABLE `schema_migrations` (`version` varchar(255) NOT NULL) ENGINE=InnoDB[0m
  [4;35;1mSQL (0.016001)[0m   [0mCREATE UNIQUE INDEX `unique_schema_migrations` ON `schema_migrations` (`version`)[0m
  [4;36;1mSQL (0.000000)[0m   [0;1mSHOW TABLES[0m
  [4;35;1mSQL (0.000000)[0m   [0mSELECT version FROM `schema_migrations`[0m
  [4;36;1mSQL (0.000000)[0m   [0;1mINSERT INTO `schema_migrations` (version) VALUES ('20081021093723')[0m
  [4;35;1mSQL (0.004000)[0m   [0mINSERT INTO `schema_migrations` (version) VALUES ('20081013133648')[0m
  [4;36;1mSQL (0.004000)[0m   [0;1mINSERT INTO `schema_migrations` (version) VALUES ('20081020163840')[0m
  [4;35;1mSQL (0.004000)[0m   [0mINSERT INTO `schema_migrations` (version) VALUES ('20081013133624')[0m
  [4;36;1mSQL (0.000000)[0m   [0;1mINSERT INTO `schema_migrations` (version) VALUES ('20081013133531')[0m
  [4;35;1mSQL (0.004001)[0m   [0mINSERT INTO `schema_migrations` (version) VALUES ('20081013133637')[0m
  [4;36;1mSQL (0.000000)[0m   [0;1mSET SQL_AUTO_IS_NULL=0[0m
  [4;35;1mSQL (0.000000)[0m   [0mSHOW TABLES[0m
  [4;36;1mSQL (0.000000)[0m   [0;1mSELECT version FROM schema_migrations[0m
Migrating to CreateUsers (20081013133531)
Migrating to CreateSurveys (20081013133624)
Migrating to CreateVersions (20081013133637)
Migrating to CreateResponses (20081013133648)
Migrating to AddRssIdToSurvey (20081020163840)
Migrating to CreateSessions (20081021093723)
  [4;35;1mSQL (0.000000)[0m   [0mSHOW TABLES[0m
  [4;36;1mSQL (0.000000)[0m   [0;1mSELECT version FROM schema_migrations[0m
  [4;35;1mSQL (0.000000)[0m   [0mSHOW TABLES[0m
  [4;36;1mSQL (0.004000)[0m   [0;1mSHOW FIELDS FROM `responses`[0m
  [4;35;1mSQL (0.000000)[0m   [0mdescribe `responses`[0m
  [4;36;1mSQL (0.000000)[0m   [0;1mSHOW KEYS FROM `responses`[0m
  [4;35;1mSQL (0.000000)[0m   [0mSHOW FIELDS FROM `sessions`[0m
  [4;36;1mSQL (0.000000)[0m   [0;1mdescribe `sessions`[0m
  [4;35;1mSQL (0.000000)[0m   [0mSHOW KEYS FROM `sessions`[0m
  [4;36;1mSQL (0.000000)[0m   [0;1mSHOW FIELDS FROM `surveys`[0m
  [4;35;1mSQL (0.004000)[0m   [0mdescribe `surveys`[0m
  [4;36;1mSQL (0.000000)[0m   [0;1mSHOW KEYS FROM `surveys`[0m
  [4;35;1mSQL (0.000000)[0m   [0mSHOW FIELDS FROM `users`[0m
  [4;36;1mSQL (0.000000)[0m   [0;1mdescribe `users`[0m
  [4;35;1mSQL (0.000000)[0m   [0mSHOW KEYS FROM `users`[0m
  [4;36;1mSQL (0.000000)[0m   [0;1mSHOW FIELDS FROM `versions`[0m
  [4;35;1mSQL (0.000000)[0m   [0mdescribe `versions`[0m
  [4;36;1mSQL (0.000000)[0m   [0;1mSHOW KEYS FROM `versions`[0m


Processing AdminController#index (for 86.157.115.14 at 2008-10-23 17:13:04) [GET]
  Session ID: d08092fcc3fc48facae43acf67f67174
  Parameters: {"action"=>"index", "controller"=>"admin"}
  [4;36;1mUser Columns (0.000000)[0m   [0;1mSHOW FIELDS FROM `users`[0m
  [4;35;1mUser Load (0.004001)[0m   [0mSELECT * FROM `users` WHERE (`users`.`id` IS NULL) LIMIT 1[0m
  [4;36;1mCACHE (0.000000)[0m   [0;1mSELECT * FROM `users` WHERE (`users`.`id` IS NULL) LIMIT 1[0m
Rendering template within layouts/application
Rendering admin/index
Completed in 0.04400 (22 reqs/sec) | Rendering: 0.01200 (27%) | DB: 0.00400 (9%) | 200 OK [http://173.45.224.102/]


Processing AdminController#start_with_blank_design (for 86.157.115.14 at 2008-10-23 17:13:14) [GET]
  Session ID: d08092fcc3fc48facae43acf67f67174
  Parameters: {"action"=>"start_with_blank_design", "controller"=>"admin"}
  [4;35;1mUser Columns (0.000000)[0m   [0mSHOW FIELDS FROM `users`[0m
  [4;36;1mUser Load (0.000000)[0m   [0;1mSELECT * FROM `users` WHERE (`users`.`id` IS NULL) LIMIT 1[0m
Redirected to http://173.45.224.102:3000/design
Completed in 0.10801 (9 reqs/sec) | DB: 0.08800 (81%) | 302 Found [http://173.45.224.102/admin/start_with_blank_design]


Processing DesignController#index (for 86.157.115.14 at 2008-10-23 17:13:15) [GET]
  Session ID: d08092fcc3fc48facae43acf67f67174
  Parameters: {"action"=>"index", "controller"=>"design"}
  [4;35;1mUser Columns (0.004001)[0m   [0mSHOW FIELDS FROM `users`[0m
  [4;36;1mUser Load (0.000000)[0m   [0;1mSELECT * FROM `users` WHERE (`users`.`id` IS NULL) LIMIT 1[0m
Rendering template within layouts/application
Rendering design/index
DEPRECATION WARNING: Inflector is deprecated! Use ActiveSupport::Inflector instead.  See http://www.rubyonrails.org/deprecation for details. (called from display_template_name at /home/adam/public_html/polsta/app/models/element.rb:22)
Rendered public/_survey_header (0.00000)
Rendered design/_element (0.00400)
DEPRECATION WARNING: Inflector is deprecated! Use ActiveSupport::Inflector instead.  See http://www.rubyonrails.org/deprecation for details. (called from display_template_name at /home/adam/public_html/polsta/app/models/element.rb:22)
Rendered public/_paragraph (0.00000)
Rendered design/_element (0.00400)
DEPRECATION WARNING: Inflector is deprecated! Use ActiveSupport::Inflector instead.  See http://www.rubyonrails.org/deprecation for details. (called from display_template_name at /home/adam/public_html/polsta/app/models/element.rb:22)
Rendered public/_end_of_survey (0.00000)
Rendered design/_element (0.00400)
Rendered design/_design (0.01600)
Completed in 0.13601 (7 reqs/sec) | Rendering: 0.02400 (17%) | DB: 0.00800 (5%) | 200 OK [http://173.45.224.102/design]


Processing DesignController#show_add_element (for 86.157.115.14 at 2008-10-23 17:13:17) [POST]
  Session ID: d08092fcc3fc48facae43acf67f67174
  Parameters: {"action"=>"show_add_element", "id"=>"1b1ad161c4863a8f044a0c6caa2717af", "controller"=>"design"}
  [4;35;1mUser Columns (0.000000)[0m   [0mSHOW FIELDS FROM `users`[0m
  [4;36;1mUser Load (0.000000)[0m   [0;1mSELECT * FROM `users` WHERE (`users`.`id` IS NULL) LIMIT 1[0m
Rendered design/_addable_elements (0.00800)
Completed in 0.04800 (20 reqs/sec) | Rendering: 0.02400 (50%) | DB: 0.02400 (50%) | 200 OK [http://173.45.224.102/design/show_add_element/1b1ad161c4863a8f044a0c6caa2717af]


Processing DesignController#add_element (for 86.157.115.14 at 2008-10-23 17:13:21) [POST]
  Session ID: d08092fcc3fc48facae43acf67f67174
  Parameters: {"type"=>"EmailQuestion", "action"=>"add_element", "controller"=>"design", "before"=>"1b1ad161c4863a8f044a0c6caa2717af"}
  [4;35;1mUser Columns (0.000000)[0m   [0mSHOW FIELDS FROM `users`[0m
  [4;36;1mUser Load (0.000000)[0m   [0;1mSELECT * FROM `users` WHERE (`users`.`id` IS NULL) LIMIT 1[0m
DEPRECATION WARNING: Inflector is deprecated! Use ActiveSupport::Inflector instead.  See http://www.rubyonrails.org/deprecation for details. (called from edit_template_name at /home/adam/public_html/polsta/app/models/element.rb:26)
Rendered design/_question_editor (0.00000)
Rendered design/_email_question_editor (0.00400)
Completed in 0.05200 (19 reqs/sec) | Rendering: 0.02800 (53%) | DB: 0.07600 (146%) | 200 OK [http://173.45.224.102/design/add_element?before=1b1ad161c4863a8f044a0c6caa2717af&type=EmailQuestion]


Processing DesignController#async_edit (for 86.157.115.14 at 2008-10-23 17:13:25) [POST]
  Session ID: d08092fcc3fc48facae43acf67f67174
  Parameters: {"set:mandatory"=>"false", "edit_action"=>"save", "action"=>"async_edit", "set:text"=>"asdasd", "controller"=>"design", "set:extra_text"=>""}
  [4;35;1mUser Columns (0.004000)[0m   [0mSHOW FIELDS FROM `users`[0m
  [4;36;1mUser Load (0.000000)[0m   [0;1mSELECT * FROM `users` WHERE (`users`.`id` IS NULL) LIMIT 1[0m
DEPRECATION WARNING: Inflector is deprecated! Use ActiveSupport::Inflector instead.  See http://www.rubyonrails.org/deprecation for details. (called from display_template_name at /home/adam/public_html/polsta/app/models/element.rb:22)
Rendered public/_question (0.00000)
Rendered public/_email_question (0.00000)
Rendered design/_element (0.00800)
Completed in 0.04800 (20 reqs/sec) | Rendering: 0.02000 (41%) | DB: 0.04000 (83%) | 200 OK [http://173.45.224.102/design/async_edit]


Processing DesignController#async_edit (for 86.157.115.14 at 2008-10-23 17:13:47) [POST]
  Session ID: d08092fcc3fc48facae43acf67f67174
  Parameters: {"set:mandatory"=>"false", "edit_action"=>"save", "action"=>"async_edit", "set:text"=>"asdasd", "controller"=>"design", "set:extra_text"=>""}
  [4;35;1mUser Columns (0.004000)[0m   [0mSHOW FIELDS FROM `users`[0m
  [4;36;1mUser Load (0.000000)[0m   [0;1mSELECT * FROM `users` WHERE (`users`.`id` IS NULL) LIMIT 1[0m
DEPRECATION WARNING: Inflector is deprecated! Use ActiveSupport::Inflector instead.  See http://www.rubyonrails.org/deprecation for details. (called from display_template_name at /home/adam/public_html/polsta/app/models/element.rb:22)
Rendered public/_question (0.00000)
Rendered public/_email_question (0.00400)
Rendered design/_element (0.00400)
Completed in 0.04000 (24 reqs/sec) | Rendering: 0.01200 (30%) | DB: 0.01200 (29%) | 200 OK [http://173.45.224.102/design/async_edit]


Processing DesignController#index (for 86.157.115.14 at 2008-10-23 17:13:50) [GET]
  Session ID: d08092fcc3fc48facae43acf67f67174
  Parameters: {"action"=>"index", "controller"=>"design"}
  [4;35;1mUser Columns (0.000000)[0m   [0mSHOW FIELDS FROM `users`[0m
  [4;36;1mUser Load (0.000000)[0m   [0;1mSELECT * FROM `users` WHERE (`users`.`id` IS NULL) LIMIT 1[0m
Rendering template within layouts/application
Rendering design/index
DEPRECATION WARNING: Inflector is deprecated! Use ActiveSupport::Inflector instead.  See http://www.rubyonrails.org/deprecation for details. (called from display_template_name at /home/adam/public_html/polsta/app/models/element.rb:22)
Rendered public/_survey_header (0.00000)
Rendered design/_element (0.00000)
DEPRECATION WARNING: Inflector is deprecated! Use ActiveSupport::Inflector instead.  See http://www.rubyonrails.org/deprecation for details. (called from display_template_name at /home/adam/public_html/polsta/app/models/element.rb:22)
Rendered public/_question (0.00000)
Rendered public/_email_question (0.00000)
Rendered design/_element (0.00400)
DEPRECATION WARNING: Inflector is deprecated! Use ActiveSupport::Inflector instead.  See http://www.rubyonrails.org/deprecation for details. (called from display_template_name at /home/adam/public_html/polsta/app/models/element.rb:22)
Rendered public/_paragraph (0.00000)
Rendered design/_element (0.00400)
DEPRECATION WARNING: Inflector is deprecated! Use ActiveSupport::Inflector instead.  See http://www.rubyonrails.org/deprecation for details. (called from display_template_name at /home/adam/public_html/polsta/app/models/element.rb:22)
Rendered public/_end_of_survey (0.00000)
Rendered design/_element (0.00000)
Rendered design/_design (0.01200)
Completed in 0.04000 (24 reqs/sec) | Rendering: 0.01600 (40%) | DB: 0.05600 (140%) | 200 OK [http://173.45.224.102/design]


Processing DesignController#show_add_element (for 86.157.115.14 at 2008-10-23 17:13:52) [POST]
  Session ID: d08092fcc3fc48facae43acf67f67174
  Parameters: {"action"=>"show_add_element", "id"=>"207275ae9c2807523603f8fdf071af34", "controller"=>"design"}
  [4;35;1mUser Columns (0.000000)[0m   [0mSHOW FIELDS FROM `users`[0m
  [4;36;1mUser Load (0.000000)[0m   [0;1mSELECT * FROM `users` WHERE (`users`.`id` IS NULL) LIMIT 1[0m
Rendered design/_addable_elements (0.00800)
Completed in 0.04800 (20 reqs/sec) | Rendering: 0.02000 (41%) | DB: 0.05600 (116%) | 200 OK [http://173.45.224.102/design/show_add_element/207275ae9c2807523603f8fdf071af34]


Processing DesignController#hide_add_element (for 86.157.115.14 at 2008-10-23 17:13:55) [POST]
  Session ID: d08092fcc3fc48facae43acf67f67174
  Parameters: {"action"=>"hide_add_element", "controller"=>"design"}
  [4;35;1mUser Columns (0.004000)[0m   [0mSHOW FIELDS FROM `users`[0m
  [4;36;1mUser Load (0.000000)[0m   [0;1mSELECT * FROM `users` WHERE (`users`.`id` IS NULL) LIMIT 1[0m
Completed in 0.03200 (31 reqs/sec) | Rendering: 0.00800 (24%) | DB: 0.06800 (212%) | 200 OK [http://173.45.224.102/design/hide_add_element]


Processing DesignController#delete_element (for 86.157.115.14 at 2008-10-23 17:13:59) [POST]
  Session ID: d08092fcc3fc48facae43acf67f67174
  Parameters: {"action"=>"delete_element", "id"=>"207275ae9c2807523603f8fdf071af34", "controller"=>"design"}
  [4;35;1mUser Columns (0.000000)[0m   [0mSHOW FIELDS FROM `users`[0m
  [4;36;1mUser Load (0.000000)[0m   [0;1mSELECT * FROM `users` WHERE (`users`.`id` IS NULL) LIMIT 1[0m
Completed in 0.02800 (35 reqs/sec) | Rendering: 0.00400 (14%) | DB: 0.01200 (42%) | 200 OK [http://173.45.224.102/design/delete_element/207275ae9c2807523603f8fdf071af34]


Processing DesignController#delete_element (for 86.157.115.14 at 2008-10-23 17:14:01) [POST]
  Session ID: d08092fcc3fc48facae43acf67f67174
  Parameters: {"action"=>"delete_element", "id"=>"1b1ad161c4863a8f044a0c6caa2717af", "controller"=>"design"}
  [4;35;1mUser Columns (0.000000)[0m   [0mSHOW FIELDS FROM `users`[0m
  [4;36;1mUser Load (0.000000)[0m   [0;1mSELECT * FROM `users` WHERE (`users`.`id` IS NULL) LIMIT 1[0m
Completed in 0.03200 (31 reqs/sec) | Rendering: 0.00800 (25%) | DB: 0.06000 (187%) | 200 OK [http://173.45.224.102/design/delete_element/1b1ad161c4863a8f044a0c6caa2717af]


Processing DesignController#show_add_element (for 86.157.115.14 at 2008-10-23 17:14:03) [POST]
  Session ID: d08092fcc3fc48facae43acf67f67174
  Parameters: {"action"=>"show_add_element", "controller"=>"design"}
  [4;35;1mUser Columns (0.000000)[0m   [0mSHOW FIELDS FROM `users`[0m
  [4;36;1mUser Load (0.000000)[0m   [0;1mSELECT * FROM `users` WHERE (`users`.`id` IS NULL) LIMIT 1[0m
Rendered design/_addable_elements (0.00800)
Completed in 0.04400 (22 reqs/sec) | Rendering: 0.02000 (45%) | DB: 0.02400 (54%) | 200 OK [http://173.45.224.102/design/show_add_element]


Processing DesignController#add_element (for 86.157.115.14 at 2008-10-23 17:14:06) [POST]
  Session ID: d08092fcc3fc48facae43acf67f67174
  Parameters: {"type"=>"TextQuestion", "action"=>"add_element", "controller"=>"design"}
  [4;35;1mUser Columns (0.000000)[0m   [0mSHOW FIELDS FROM `users`[0m
  [4;36;1mUser Load (0.000000)[0m   [0;1mSELECT * FROM `users` WHERE (`users`.`id` IS NULL) LIMIT 1[0m
DEPRECATION WARNING: Inflector is deprecated! Use ActiveSupport::Inflector instead.  See http://www.rubyonrails.org/deprecation for details. (called from edit_template_name at /home/adam/public_html/polsta/app/models/element.rb:26)
Rendered design/_question_editor (0.00000)
Rendered design/_text_question_editor (0.00000)
Completed in 0.03600 (27 reqs/sec) | Rendering: 0.01200 (33%) | DB: 0.01200 (33%) | 200 OK [http://173.45.224.102/design/add_element?type=TextQuestion]


Processing DesignController#async_edit (for 86.157.115.14 at 2008-10-23 17:14:09) [POST]
  Session ID: d08092fcc3fc48facae43acf67f67174
  Parameters: {"set:mandatory"=>"false", "edit_action"=>"save", "action"=>"async_edit", "set:text"=>"fghdfg", "set:rows"=>"1", "controller"=>"design", "set:extra_text"=>""}
  [4;35;1mUser Columns (0.000000)[0m   [0mSHOW FIELDS FROM `users`[0m
  [4;36;1mUser Load (0.000000)[0m   [0;1mSELECT * FROM `users` WHERE (`users`.`id` IS NULL) LIMIT 1[0m
DEPRECATION WARNING: Inflector is deprecated! Use ActiveSupport::Inflector instead.  See http://www.rubyonrails.org/deprecation for details. (called from display_template_name at /home/adam/public_html/polsta/app/models/element.rb:22)
Rendered public/_question (0.00000)
Rendered public/_text_question (0.00000)
Rendered design/_element (0.00400)
Completed in 0.04000 (24 reqs/sec) | Rendering: 0.01600 (39%) | DB: 0.02400 (59%) | 200 OK [http://173.45.224.102/design/async_edit]


Processing DesignController#async_edit (for 86.157.115.14 at 2008-10-23 17:14:12) [POST]
  Session ID: d08092fcc3fc48facae43acf67f67174
  Parameters: {"set:mandatory"=>"false", "edit_action"=>"cancel", "action"=>"async_edit", "set:text"=>"fghdfg", "set:rows"=>"1", "controller"=>"design", "set:extra_text"=>""}
  [4;35;1mUser Columns (0.000000)[0m   [0mSHOW FIELDS FROM `users`[0m
  [4;36;1mUser Load (0.000000)[0m   [0;1mSELECT * FROM `users` WHERE (`users`.`id` IS NULL) LIMIT 1[0m
Completed in 0.03200 (31 reqs/sec) | Rendering: 0.00800 (24%) | DB: 0.00400 (12%) | 200 OK [http://173.45.224.102/design/async_edit]


Processing DesignController#show_add_element (for 86.157.115.14 at 2008-10-23 17:14:14) [POST]
  Session ID: d08092fcc3fc48facae43acf67f67174
  Parameters: {"action"=>"show_add_element", "controller"=>"design"}
  [4;35;1mUser Columns (0.000000)[0m   [0mSHOW FIELDS FROM `users`[0m
  [4;36;1mUser Load (0.004000)[0m   [0;1mSELECT * FROM `users` WHERE (`users`.`id` IS NULL) LIMIT 1[0m
Rendered design/_addable_elements (0.00800)
Completed in 0.04000 (24 reqs/sec) | Rendering: 0.01600 (40%) | DB: 0.08000 (199%) | 200 OK [http://173.45.224.102/design/show_add_element]


Processing DesignController#add_element (for 86.157.115.14 at 2008-10-23 17:14:16) [POST]
  Session ID: d08092fcc3fc48facae43acf67f67174
  Parameters: {"type"=>"PageBreak", "action"=>"add_element", "controller"=>"design"}
  [4;35;1mUser Columns (0.004000)[0m   [0mSHOW FIELDS FROM `users`[0m
  [4;36;1mUser Load (0.000000)[0m   [0;1mSELECT * FROM `users` WHERE (`users`.`id` IS NULL) LIMIT 1[0m
DEPRECATION WARNING: Inflector is deprecated! Use ActiveSupport::Inflector instead.  See http://www.rubyonrails.org/deprecation for details. (called from display_template_name at /home/adam/public_html/polsta/app/models/element.rb:22)
Rendered public/_page_break (0.00000)
Rendered design/_element (0.00400)
Completed in 0.04000 (24 reqs/sec) | Rendering: 0.01200 (30%) | DB: 0.04000 (100%) | 200 OK [http://173.45.224.102/design/add_element?type=PageBreak]


Processing DesignController#hide_add_element (for 86.157.115.14 at 2008-10-23 17:14:19) [POST]
  Session ID: d08092fcc3fc48facae43acf67f67174
  Parameters: {"action"=>"hide_add_element", "controller"=>"design"}
  [4;35;1mUser Columns (0.000000)[0m   [0mSHOW FIELDS FROM `users`[0m
  [4;36;1mUser Load (0.000000)[0m   [0;1mSELECT * FROM `users` WHERE (`users`.`id` IS NULL) LIMIT 1[0m
Completed in 0.02800 (35 reqs/sec) | Rendering: 0.00400 (14%) | DB: 0.01600 (57%) | 200 OK [http://173.45.224.102/design/hide_add_element]


Processing DesignController#show_add_element (for 86.157.115.14 at 2008-10-23 17:29:25) [POST]
  Session ID: d08092fcc3fc48facae43acf67f67174
  Parameters: {"action"=>"show_add_element", "controller"=>"design"}
  [4;36;1mUser Columns (0.000000)[0m   [0;1mSHOW FIELDS FROM `users`[0m
  [4;35;1mUser Load (0.000000)[0m   [0mSELECT * FROM `users` WHERE (`users`.`id` IS NULL) LIMIT 1[0m
Rendered design/_addable_elements (0.00800)
Completed in 0.06800 (14 reqs/sec) | Rendering: 0.02800 (41%) | DB: 0.00400 (5%) | 200 OK [http://173.45.224.102/design/show_add_element]


Processing DesignController#show_add_element (for 86.157.115.14 at 2008-10-23 17:29:26) [POST]
  Session ID: d08092fcc3fc48facae43acf67f67174
  Parameters: {"action"=>"show_add_element", "controller"=>"design"}
  [4;36;1mUser Columns (0.000000)[0m   [0;1mSHOW FIELDS FROM `users`[0m
  [4;35;1mUser Load (0.000000)[0m   [0mSELECT * FROM `users` WHERE (`users`.`id` IS NULL) LIMIT 1[0m
Rendered design/_addable_elements (0.00400)
Completed in 0.04000 (24 reqs/sec) | Rendering: 0.01600 (39%) | DB: 0.07200 (179%) | 200 OK [http://173.45.224.102/design/show_add_element]


Processing DesignController#hide_add_element (for 86.157.115.14 at 2008-10-23 17:29:28) [POST]
  Session ID: d08092fcc3fc48facae43acf67f67174
  Parameters: {"action"=>"hide_add_element", "controller"=>"design"}
  [4;36;1mUser Columns (0.004001)[0m   [0;1mSHOW FIELDS FROM `users`[0m
  [4;35;1mUser Load (0.000000)[0m   [0mSELECT * FROM `users` WHERE (`users`.`id` IS NULL) LIMIT 1[0m
Completed in 0.02800 (35 reqs/sec) | Rendering: 0.00800 (28%) | DB: 0.02400 (85%) | 200 OK [http://173.45.224.102/design/hide_add_element]


Processing DesignController#index (for 86.157.115.14 at 2008-10-23 17:29:31) [GET]
  Session ID: d08092fcc3fc48facae43acf67f67174
  Parameters: {"action"=>"index", "controller"=>"design"}
  [4;36;1mUser Columns (0.000000)[0m   [0;1mSHOW FIELDS FROM `users`[0m
  [4;35;1mUser Load (0.000000)[0m   [0mSELECT * FROM `users` WHERE (`users`.`id` IS NULL) LIMIT 1[0m
Rendering template within layouts/application
Rendering design/index
Rendered public/_survey_header (0.00000)
Rendered design/_element (0.00400)
Rendered public/_page_break (0.00000)
Rendered design/_element (0.00400)
Rendered public/_end_of_survey (0.00000)
Rendered design/_element (0.00400)
Rendered design/_design (0.01600)
Completed in 0.04800 (20 reqs/sec) | Rendering: 0.02800 (58%) | DB: 0.06800 (141%) | 200 OK [http://173.45.224.102/design]


Processing DesignController#delete_element (for 86.157.115.14 at 2008-10-23 17:29:37) [POST]
  Session ID: d08092fcc3fc48facae43acf67f67174
  Parameters: {"action"=>"delete_element", "id"=>"4ceef4020e93e45bb83618a92ad7bb70", "controller"=>"design"}
  [4;36;1mUser Columns (0.000000)[0m   [0;1mSHOW FIELDS FROM `users`[0m
  [4;35;1mUser Load (0.000000)[0m   [0mSELECT * FROM `users` WHERE (`users`.`id` IS NULL) LIMIT 1[0m
Completed in 0.12401 (8 reqs/sec) | Rendering: 0.00800 (6%) | DB: 0.06800 (54%) | 200 OK [http://173.45.224.102/design/delete_element/4ceef4020e93e45bb83618a92ad7bb70]


Processing DesignController#show_add_element (for 86.157.115.14 at 2008-10-23 17:29:41) [POST]
  Session ID: d08092fcc3fc48facae43acf67f67174
  Parameters: {"action"=>"show_add_element", "controller"=>"design"}
  [4;36;1mUser Columns (0.000000)[0m   [0;1mSHOW FIELDS FROM `users`[0m
  [4;35;1mUser Load (0.000000)[0m   [0mSELECT * FROM `users` WHERE (`users`.`id` IS NULL) LIMIT 1[0m
Rendered design/_addable_elements (0.00400)
Completed in 0.12401 (8 reqs/sec) | Rendering: 0.01600 (12%) | DB: 0.05200 (41%) | 200 OK [http://173.45.224.102/design/show_add_element]


Processing DesignController#add_element (for 86.157.115.14 at 2008-10-23 17:29:44) [POST]
  Session ID: d08092fcc3fc48facae43acf67f67174
  Parameters: {"type"=>"PageBreak", "action"=>"add_element", "controller"=>"design"}
  [4;36;1mUser Columns (0.000000)[0m   [0;1mSHOW FIELDS FROM `users`[0m
  [4;35;1mUser Load (0.000000)[0m   [0mSELECT * FROM `users` WHERE (`users`.`id` IS NULL) LIMIT 1[0m
Rendered public/_page_break (0.00000)
Rendered design/_element (0.00000)
Completed in 0.03600 (27 reqs/sec) | Rendering: 0.01200 (33%) | DB: 0.07600 (211%) | 200 OK [http://173.45.224.102/design/add_element?type=PageBreak]


Processing DesignController#show_add_element (for 86.157.115.14 at 2008-10-23 17:33:37) [POST]
  Session ID: d08092fcc3fc48facae43acf67f67174
  Parameters: {"action"=>"show_add_element", "controller"=>"design"}
  [4;36;1mUser Columns (0.000000)[0m   [0;1mSHOW FIELDS FROM `users`[0m
  [4;35;1mUser Load (0.000000)[0m   [0mSELECT * FROM `users` WHERE (`users`.`id` IS NULL) LIMIT 1[0m
Rendered design/_addable_elements (0.00800)
Completed in 0.04000 (24 reqs/sec) | Rendering: 0.01600 (40%) | DB: 0.07200 (180%) | 200 OK [http://173.45.224.102/design/show_add_element]


Processing DesignController#add_element (for 86.157.115.14 at 2008-10-23 17:33:40) [POST]
  Session ID: d08092fcc3fc48facae43acf67f67174
  Parameters: {"type"=>"TextQuestion", "action"=>"add_element", "controller"=>"design"}
  [4;36;1mUser Columns (0.000000)[0m   [0;1mSHOW FIELDS FROM `users`[0m
  [4;35;1mUser Load (0.000000)[0m   [0mSELECT * FROM `users` WHERE (`users`.`id` IS NULL) LIMIT 1[0m
Rendered design/_question_editor (0.00000)
Rendered design/_text_question_editor (0.00400)
Completed in 0.03600 (27 reqs/sec) | Rendering: 0.01200 (33%) | DB: 0.08400 (233%) | 200 OK [http://173.45.224.102/design/add_element?type=TextQuestion]


Processing DesignController#async_edit (for 86.157.115.14 at 2008-10-23 17:33:45) [POST]
  Session ID: d08092fcc3fc48facae43acf67f67174
  Parameters: {"set:mandatory"=>"false", "edit_action"=>"save", "action"=>"async_edit", "set:text"=>"jljlkj", "set:rows"=>"1", "controller"=>"design", "set:extra_text"=>""}
  [4;36;1mUser Columns (0.000000)[0m   [0;1mSHOW FIELDS FROM `users`[0m
  [4;35;1mUser Load (0.000000)[0m   [0mSELECT * FROM `users` WHERE (`users`.`id` IS NULL) LIMIT 1[0m
Rendered public/_question (0.00000)
Rendered public/_text_question (0.00000)
Rendered design/_element (0.00400)
Completed in 0.04000 (24 reqs/sec) | Rendering: 0.01600 (40%) | DB: 0.06800 (170%) | 200 OK [http://173.45.224.102/design/async_edit]


Processing AdminController#save (for 86.157.115.14 at 2008-10-23 17:33:48) [POST]
  Session ID: d08092fcc3fc48facae43acf67f67174
  Parameters: {"cancel"=>"Cancel", "action"=>"save", "controller"=>"admin"}
  [4;36;1mUser Columns (0.004000)[0m   [0;1mSHOW FIELDS FROM `users`[0m
  [4;35;1mUser Load (0.000000)[0m   [0mSELECT * FROM `users` WHERE (`users`.`id` IS NULL) LIMIT 1[0m
Redirected to http://173.45.224.102:3000/
Completed in 0.02800 (35 reqs/sec) | DB: 0.07600 (271%) | 302 Found [http://173.45.224.102/admin/save]


Processing AdminController#index (for 86.157.115.14 at 2008-10-23 17:33:49) [GET]
  Session ID: d08092fcc3fc48facae43acf67f67174
  Parameters: {"action"=>"index", "controller"=>"admin"}
  [4;36;1mUser Columns (0.000000)[0m   [0;1mSHOW FIELDS FROM `users`[0m
  [4;35;1mUser Load (0.004000)[0m   [0mSELECT * FROM `users` WHERE (`users`.`id` IS NULL) LIMIT 1[0m
  [4;36;1mCACHE (0.000000)[0m   [0;1mSELECT * FROM `users` WHERE (`users`.`id` IS NULL) LIMIT 1[0m
Rendering template within layouts/application
Rendering admin/index
Completed in 0.02800 (35 reqs/sec) | Rendering: 0.00400 (14%) | DB: 0.02800 (100%) | 200 OK [http://173.45.224.102/]


Processing UserController#signin (for 86.157.115.14 at 2008-10-23 17:33:53) [GET]
  Session ID: d08092fcc3fc48facae43acf67f67174
  Parameters: {"action"=>"signin", "controller"=>"user"}
  [4;35;1mUser Columns (0.000000)[0m   [0mSHOW FIELDS FROM `users`[0m
  [4;36;1mUser Load (0.004000)[0m   [0;1mSELECT * FROM `users` WHERE (`users`.`id` IS NULL) LIMIT 1[0m
Rendering template within layouts/application
Rendering user/signin
Completed in 0.03600 (27 reqs/sec) | Rendering: 0.00800 (22%) | DB: 0.02400 (66%) | 200 OK [http://173.45.224.102/user/signin]


Processing UserController#signin (for 86.157.115.14 at 2008-10-23 17:34:02) [POST]
  Session ID: d08092fcc3fc48facae43acf67f67174
  Parameters: {"commit"=>"Sign in", "action"=>"signin", "controller"=>"user", "password"=>"4oreos", "email"=>"adam.rambridge@gmail.com"}
  [4;35;1mUser Columns (0.004000)[0m   [0mSHOW FIELDS FROM `users`[0m
  [4;36;1mUser Load (0.000000)[0m   [0;1mSELECT * FROM `users` WHERE (`users`.`id` IS NULL) LIMIT 1[0m
  [4;35;1mUser Load (0.000000)[0m   [0mSELECT * FROM `users` WHERE (`users`.`email` = 'adam.rambridge@gmail.com') LIMIT 1[0m
Rendering template within layouts/application
Rendering user/signin
Completed in 0.03200 (31 reqs/sec) | Rendering: 0.00400 (12%) | DB: 0.07600 (237%) | 200 OK [http://173.45.224.102/user/signin]


Processing UserController#signin (for 86.157.115.14 at 2008-10-23 17:34:21) [POST]
  Session ID: d08092fcc3fc48facae43acf67f67174
  Parameters: {"commit"=>"Sign in", "action"=>"signin", "controller"=>"user", "password"=>"4oreos", "email"=>"adam.rambridge@gmail.com"}
  [4;36;1mUser Columns (0.000000)[0m   [0;1mSHOW FIELDS FROM `users`[0m
  [4;35;1mUser Load (0.000000)[0m   [0mSELECT * FROM `users` WHERE (`users`.`id` IS NULL) LIMIT 1[0m
  [4;36;1mUser Load (0.000000)[0m   [0;1mSELECT * FROM `users` WHERE (`users`.`email` = 'adam.rambridge@gmail.com') LIMIT 1[0m
Rendering template within layouts/application
Rendering user/signin
Completed in 0.02800 (35 reqs/sec) | Rendering: 0.00400 (14%) | DB: 0.03200 (114%) | 200 OK [http://173.45.224.102/user/signin]
  [4;36;1mSQL (0.000000)[0m   [0;1mSET SQL_AUTO_IS_NULL=0[0m
  [4;35;1mUser Columns (0.004000)[0m   [0mSHOW FIELDS FROM `users`[0m
  [4;36;1mSQL (0.000000)[0m   [0;1mSELECT count(*) AS count_all FROM `users` [0m
  [4;35;1mUser Load (0.000000)[0m   [0mSELECT * FROM `users` [0m
